Start testing: Mar 17 02:30 RTZ 2 (çèìà)
----------------------------------------------------------
2/2 Testing: test_operators
2/2 Test: test_operators
Command: "C:/Users/kameel/RepositoriesAndProjects/kmmsProg/build/projects/LongNumber/test/test_operators.exe"
Directory: C:/Users/kameel/RepositoriesAndProjects/kmmsProg/build/projects/LongNumber/test
"test_operators" start time: Mar 17 02:30 RTZ 2 (çèìà)
Output:
----------------------------------------------------------
[==========] Running 9 tests from 1 test suite.
[----------] Global test environment set-up.
[----------] 9 tests from LongNumber
[ RUN      ] LongNumber.test_summation
[       OK ] LongNumber.test_summation (0 ms)
[ RUN      ] LongNumber.test_subtraction
[       OK ] LongNumber.test_subtraction (0 ms)
[ RUN      ] LongNumber.test_multiplication
[       OK ] LongNumber.test_multiplication (0 ms)
[ RUN      ] LongNumber.test_division
<end of output>
Test time =   0.23 sec
----------------------------------------------------------
Test Failed.
"test_operators" end time: Mar 17 02:30 RTZ 2 (çèìà)
"test_operators" time elapsed: 00:00:00
----------------------------------------------------------

End testing: Mar 17 02:30 RTZ 2 (çèìà)
