Start testing: Apr 03 01:28 RTZ 2 (çèìà)
----------------------------------------------------------
2/2 Testing: test_operators
2/2 Test: test_operators
Command: "C:/Users/kameel/RepositoriesAndProjects/kmmsProg/build/projects/LongNumber/test/test_operators.exe"
Directory: C:/Users/kameel/RepositoriesAndProjects/kmmsProg/build/projects/LongNumber/test
"test_operators" start time: Apr 03 01:28 RTZ 2 (çèìà)
Output:
----------------------------------------------------------
[==========] Running 9 tests from 1 test suite.
[----------] Global test environment set-up.
[----------] 9 tests from LongNumber
[ RUN      ] LongNumber.test_summation
[       OK ] LongNumber.test_summation (0 ms)
[ RUN      ] LongNumber.test_subtraction
[       OK ] LongNumber.test_subtraction (0 ms)
[ RUN      ] LongNumber.test_multiplication
[       OK ] LongNumber.test_multiplication (0 ms)
[ RUN      ] LongNumber.test_division
[       OK ] LongNumber.test_division (0 ms)
[ RUN      ] LongNumber.test_modulo

 copy:136

 integer_part:10

 quotient:130

 result:6

 copy:169

 integer_part:13

 quotient:169

 result:0
[       OK ] LongNumber.test_modulo (0 ms)
[ RUN      ] LongNumber.Equality
[       OK ] LongNumber.Equality (0 ms)
[ RUN      ] LongNumber.Inequality
[       OK ] LongNumber.Inequality (0 ms)
[ RUN      ] LongNumber.LessThan
[       OK ] LongNumber.LessThan (0 ms)
[ RUN      ] LongNumber.GreaterThan
[       OK ] LongNumber.GreaterThan (0 ms)
[----------] 9 tests from LongNumber (0 ms total)

[----------] Global test environment tear-down
[==========] 9 tests from 1 test suite ran. (0 ms total)
[  PASSED  ] 9 tests.
<end of output>
Test time =   0.27 sec
----------------------------------------------------------
Test Passed.
"test_operators" end time: Apr 03 01:28 RTZ 2 (çèìà)
"test_operators" time elapsed: 00:00:00
----------------------------------------------------------

End testing: Apr 03 01:28 RTZ 2 (çèìà)
