Start testing: Apr 25 01:30 RTZ 2 (çèìà)
----------------------------------------------------------
4/5 Testing: doubly_linked_list_tests
4/5 Test: doubly_linked_list_tests
Command: "C:/Users/kameel/RepositoriesAndProjects/kmmsProg/build/projects/STLContainers/doublyLinkedList/test/doubly_linked_list_tests.exe"
Directory: C:/Users/kameel/RepositoriesAndProjects/kmmsProg/build/projects/STLContainers/doublyLinkedList/test
"doubly_linked_list_tests" start time: Apr 25 01:30 RTZ 2 (çèìà)
Output:
----------------------------------------------------------
[==========] Running 4 tests from 1 test suite.
[----------] Global test environment set-up.
[----------] 4 tests from DoublyLinkedListTest
[ RUN      ] DoublyLinkedListTest.test_pushing_back
[       OK ] DoublyLinkedListTest.test_pushing_back (0 ms)
[ RUN      ] DoublyLinkedListTest.test_item_presence
[       OK ] DoublyLinkedListTest.test_item_presence (0 ms)
[ RUN      ] DoublyLinkedListTest.test_size
[       OK ] DoublyLinkedListTest.test_size (0 ms)
[ RUN      ] DoublyLinkedListTest.test_remove_first
[       OK ] DoublyLinkedListTest.test_remove_first (0 ms)
[----------] 4 tests from DoublyLinkedListTest (0 ms total)

[----------] Global test environment tear-down
[==========] 4 tests from 1 test suite ran. (0 ms total)
[  PASSED  ] 4 tests.
<end of output>
Test time =   0.27 sec
----------------------------------------------------------
Test Passed.
"doubly_linked_list_tests" end time: Apr 25 01:31 RTZ 2 (çèìà)
"doubly_linked_list_tests" time elapsed: 00:00:00
----------------------------------------------------------

End testing: Apr 25 01:31 RTZ 2 (çèìà)
