<?xml version="1.0" encoding="UTF-8"?>
<Site BuildName="(empty)"
	BuildStamp="20250402-2139-Experimental"
	Name="(empty)"
	Generator="ctest-3.31.5"
	CompilerName=""
	CompilerVersion=""
	OSName="Windows"
	Hostname="DESKTOP-OOQR339"
	OSRelease=" Professional"
	OSVersion=" (Build 26100)"
	OSPlatform="AMD64"
	Is64Bits="1"
	VendorString="AuthenticAMD"
	VendorID="Advanced Micro Devices"
	FamilyID="15"
	ModelID="4"
	ModelName="AMD Ryzen 7 7840HS w/ Radeon 780M Graphics"
	ProcessorCacheSize="64"
	NumberOfLogicalCPU="16"
	NumberOfPhysicalCPU="8"
	TotalVirtualMemory="20932"
	TotalPhysicalMemory="14020"
	LogicalProcessorsPerPhysical="2"
	ProcessorClockFrequency="3792"
	>
	<Testing>
		<StartDateTime>Apr 03 01:28 RTZ 2 ([NON-UTF-8-BYTE-0xE7][NON-UTF-8-BYTE-0xE8][NON-UTF-8-BYTE-0xEC][NON-UTF-8-BYTE-0xE0])</StartDateTime>
		<StartTestTime>1743632898</StartTestTime>
		<TestList>
			<Test>./projects/LongNumber/test/test_operators</Test>
		</TestList>
		<Test Status="passed">
			<Name>test_operators</Name>
			<Path>./projects/LongNumber/test</Path>
			<FullName>./projects/LongNumber/test/test_operators</FullName>
			<FullCommandLine>C:\Users\kameel\RepositoriesAndProjects\kmmsProg\build\projects\LongNumber\test\test_operators.exe</FullCommandLine>
			<Results>
				<NamedMeasurement type="numeric/double" name="Execution Time">
					<Value>0.26935</Value>
				</NamedMeasurement>
				<NamedMeasurement type="numeric/double" name="Processors">
					<Value>1</Value>
				</NamedMeasurement>
				<NamedMeasurement type="text/string" name="Completion Status">
					<Value>Completed</Value>
				</NamedMeasurement>
				<NamedMeasurement type="text/string" name="Command Line">
					<Value>C:\Users\kameel\RepositoriesAndProjects\kmmsProg\build\projects\LongNumber\test\test_operators.exe</Value>
				</NamedMeasurement>
				<NamedMeasurement type="text/string" name="Environment">
					<Value>#CTEST_RESOURCE_GROUP_COUNT=</Value>
				</NamedMeasurement>
				<Measurement>
					<Value encoding="base64" compression="gzip">eJyNk01rwkAQhu/5FXOsB4OpRVDosUipWBB7kiCbZDQL+xF3Z239990kNdUW3cwpu3nm4WWH2Tx3lcLKKcXVHqZAaMnCzmgJSXMA6zhhHG2GXaUwFzpjov2P6siNVhKVZ5GGrvoDX0kXWu2XTmZoog2sPpbQVHpxH9f01jopGXGtPNbW+9s9DB5GIO0gJM3IsLyPtgN7iaUTxCvB8x6Rr9le+oIfuQ2Kz1S/xLpwQkcR5Lo6zZLxxH9yRbhHs62YoVky8jcHp4n7wXqgPhq0Pvxs0rVNpv/axldtDfDTNgq8S5MoFP7l4JjgdLrpOgMh0avCkOoXCckWaO26ZLcHdAZCorlBRmjuui6YTtdj31oWSBMTgyiKY7+m65JbqOcGegdUYrvR2lHlCD6Z9aOT+ogFWK5yBO63/StHLGwLl36ypRZF3Z2MHp8gO3lBnEbf3A9cxA==</Value>
				</Measurement>
			</Results>
		</Test>
		<EndDateTime>Apr 03 01:28 RTZ 2 ([NON-UTF-8-BYTE-0xE7][NON-UTF-8-BYTE-0xE8][NON-UTF-8-BYTE-0xEC][NON-UTF-8-BYTE-0xE0])</EndDateTime>
		<EndTestTime>1743632898</EndTestTime>
		<ElapsedMinutes>0</ElapsedMinutes>
	</Testing>
</Site>
