<?xml version="1.0" encoding="UTF-8"?>
<Site BuildName="(empty)"
	BuildStamp="20250428-1751-Experimental"
	Name="(empty)"
	Generator="ctest-3.31.5"
	CompilerName=""
	CompilerVersion=""
	OSName="Windows"
	Hostname="DESKTOP-OOQR339"
	OSRelease=" Professional"
	OSVersion=" (Build 26100)"
	OSPlatform="AMD64"
	Is64Bits="1"
	VendorString="AuthenticAMD"
	VendorID="Advanced Micro Devices"
	FamilyID="15"
	ModelID="4"
	ModelName="AMD Ryzen 7 7840HS w/ Radeon 780M Graphics"
	ProcessorCacheSize="64"
	NumberOfLogicalCPU="16"
	NumberOfPhysicalCPU="8"
	TotalVirtualMemory="20932"
	TotalPhysicalMemory="14020"
	LogicalProcessorsPerPhysical="2"
	ProcessorClockFrequency="3792"
	>
	<Testing>
		<StartDateTime>Apr 28 23:28 RTZ 2 ([NON-UTF-8-BYTE-0xE7][NON-UTF-8-BYTE-0xE8][NON-UTF-8-BYTE-0xEC][NON-UTF-8-BYTE-0xE0])</StartDateTime>
		<StartTestTime>1745872085</StartTestTime>
		<TestList>
			<Test>./projects/STLContainers/vector/test/vector_tests</Test>
		</TestList>
		<Test Status="passed">
			<Name>vector_tests</Name>
			<Path>./projects/STLContainers/vector/test</Path>
			<FullName>./projects/STLContainers/vector/test/vector_tests</FullName>
			<FullCommandLine>C:\Users\kameel\RepositoriesAndProjects\kmmsProg\build\projects\STLContainers\vector\test\vector_tests.exe</FullCommandLine>
			<Results>
				<NamedMeasurement type="numeric/double" name="Execution Time">
					<Value>0.27519</Value>
				</NamedMeasurement>
				<NamedMeasurement type="numeric/double" name="Processors">
					<Value>1</Value>
				</NamedMeasurement>
				<NamedMeasurement type="text/string" name="Completion Status">
					<Value>Completed</Value>
				</NamedMeasurement>
				<NamedMeasurement type="text/string" name="Command Line">
					<Value>C:\Users\kameel\RepositoriesAndProjects\kmmsProg\build\projects\STLContainers\vector\test\vector_tests.exe</Value>
				</NamedMeasurement>
				<NamedMeasurement type="text/string" name="Environment">
					<Value>#CTEST_RESOURCE_GROUP_COUNT=</Value>
				</NamedMeasurement>
				<Measurement>
					<Value encoding="base64" compression="gzip">eJyNksFOwzAMQO/5Ch/ZoRVDwAGJAxKIAxKgTXCJqirrvBFokspxh8TXk6xTtCLazienfXm2I8vbFAUsWmu13cI1MHr2sCFnYL4/gG81Yy5klqKAx9qtVN39R7vT5KxBG1jkrG3+wD3pO1bsSEhYvD3DPorDtzxSZdP6j9BJuVLVV6C6eHkaoeDsHIyfDSu19UgccKGI5GdxA/OUXaTsMmVXw3WTarLoFjlypdc/OOw7pqbnYDRlQ+jRViPOHjYpJTRuF1vYaApHrNEMq/+BTygQhouPP2LtiKSaWJ6OA3as6pk4bTEZFWVr922FPN77wX0HUjbvFwr9v94tlw/3ccLDxVz8AlRPBpI=</Value>
				</Measurement>
			</Results>
		</Test>
		<EndDateTime>Apr 28 23:28 RTZ 2 ([NON-UTF-8-BYTE-0xE7][NON-UTF-8-BYTE-0xE8][NON-UTF-8-BYTE-0xEC][NON-UTF-8-BYTE-0xE0])</EndDateTime>
		<EndTestTime>1745872086</EndTestTime>
		<ElapsedMinutes>0</ElapsedMinutes>
	</Testing>
</Site>
