<?xml version="1.0" encoding="UTF-8"?>
<Site BuildName="(empty)"
	BuildStamp="20250304-2149-Experimental"
	Name="(empty)"
	Generator="ctest-3.31.5"
	CompilerName=""
	CompilerVersion=""
	OSName="Windows"
	Hostname="DESKTOP-OOQR339"
	OSRelease=" Professional"
	OSVersion=" (Build 26100)"
	OSPlatform="AMD64"
	Is64Bits="1"
	VendorString="AuthenticAMD"
	VendorID="Advanced Micro Devices"
	FamilyID="15"
	ModelID="4"
	ModelName="AMD Ryzen 7 7840HS w/ Radeon 780M Graphics"
	ProcessorCacheSize="64"
	NumberOfLogicalCPU="16"
	NumberOfPhysicalCPU="8"
	TotalVirtualMemory="21444"
	TotalPhysicalMemory="14020"
	LogicalProcessorsPerPhysical="2"
	ProcessorClockFrequency="3792"
	>
	<Testing>
		<StartDateTime>Mar 05 01:09 RTZ 2 ([NON-UTF-8-BYTE-0xE7][NON-UTF-8-BYTE-0xE8][NON-UTF-8-BYTE-0xEC][NON-UTF-8-BYTE-0xE0])</StartDateTime>
		<StartTestTime>1741126166</StartTestTime>
		<TestList>
			<Test>./projects/ProjectSort/test/test_linear</Test>
		</TestList>
		<Test Status="passed">
			<Name>test_linear</Name>
			<Path>./projects/ProjectSort/test</Path>
			<FullName>./projects/ProjectSort/test/test_linear</FullName>
			<FullCommandLine>C:\Users\kameel\RepositoriesAndProjects\kmmsProg\build\projects\ProjectSort\test\test_linear.exe</FullCommandLine>
			<Results>
				<NamedMeasurement type="numeric/double" name="Execution Time">
					<Value>0.0096713</Value>
				</NamedMeasurement>
				<NamedMeasurement type="numeric/double" name="Processors">
					<Value>1</Value>
				</NamedMeasurement>
				<NamedMeasurement type="text/string" name="Completion Status">
					<Value>Completed</Value>
				</NamedMeasurement>
				<NamedMeasurement type="text/string" name="Command Line">
					<Value>C:\Users\kameel\RepositoriesAndProjects\kmmsProg\build\projects\ProjectSort\test\test_linear.exe</Value>
				</NamedMeasurement>
				<NamedMeasurement type="text/string" name="Environment">
					<Value>#CTEST_RESOURCE_GROUP_COUNT=</Value>
				</NamedMeasurement>
				<Measurement>
					<Value encoding="base64" compression="gzip">eJyNkMEKwjAQRO/5ij3aQ4N+gIeixYOg0qKX0kPUVQrpRpON4t/bGiytIDqnhX3M7kwx7VRC5okqOsMEGB3DyZr6PTtfMUpRxJ1KWGizVzrskW6VNVQjNSxy7C8fcN9zhwc21qVXr7QoINuu4KVysJEJPVKNraWbGU/coEHr5S8URmOoXfTfCwEGNqx0JP7LyKhsfDR3EkW/wW/NgVUkh3eaMJskz9N5mzuwUjwBPP97ww==</Value>
				</Measurement>
			</Results>
		</Test>
		<EndDateTime>Mar 05 01:09 RTZ 2 ([NON-UTF-8-BYTE-0xE7][NON-UTF-8-BYTE-0xE8][NON-UTF-8-BYTE-0xEC][NON-UTF-8-BYTE-0xE0])</EndDateTime>
		<EndTestTime>1741126166</EndTestTime>
		<ElapsedMinutes>0</ElapsedMinutes>
	</Testing>
</Site>
